-------------------------------------------------------------------------------
Test set: runner.TestRunner
-------------------------------------------------------------------------------
Tests run: 13, Failures: 1, Errors: 0, Skipped: 0, Time elapsed: 78.11 s <<< FAILURE! -- in runner.TestRunner
Login Functionality.Login with Valid email and Invalid password -- Time elapsed: 3.472 s <<< FAILURE!
junit.framework.AssertionFailedError
	at junit.framework.Assert.fail(Assert.java:55)
	at junit.framework.Assert.assertTrue(Assert.java:22)
	at junit.framework.Assert.assertTrue(Assert.java:31)
	at stepdefinitions.Login.user_should_get_a_proper_warning_message_about_credentials_mismatch(Login.java:75)
	at âœ½.User should get a proper warning message about credentials mismatch(file:///C:/Users/L%20E%20N%20O%20V%20O/Desktop/frameworkworkspace/TutorialsNinjaProj/src/test/resource/features/Login.feature:30)

